
build/telosb/main.exe:     file format elf32-msp430


Disassembly of section .text:

00004000 <__watchdog_support>:
    4000:	55 42 20 01 	mov.b	&0x0120,r5	
    4004:	35 d0 08 5a 	bis	#23048,	r5	;#0x5a08
    4008:	82 45 2e 11 	mov	r5,	&0x112e	

0000400c <__init_stack>:
    400c:	31 40 00 39 	mov	#14592,	r1	;#0x3900

00004010 <__do_copy_data>:
    4010:	3f 40 02 00 	mov	#2,	r15	;#0x0002
    4014:	0f 93       	tst	r15		
    4016:	08 24       	jz	$+18     	;abs 0x4028
    4018:	92 42 2e 11 20 01 	mov	&0x112e,&0x0120	
    401e:	2f 83       	decd	r15		
    4020:	9f 4f 6e 4a 00 11 	mov	19054(r15),4352(r15);0x4a6e(r15), 0x1100(r15)
    4026:	f8 23       	jnz	$-14     	;abs 0x4018

00004028 <__do_clear_bss>:
    4028:	3f 40 2c 00 	mov	#44,	r15	;#0x002c
    402c:	0f 93       	tst	r15		
    402e:	07 24       	jz	$+16     	;abs 0x403e
    4030:	92 42 2e 11 20 01 	mov	&0x112e,&0x0120	
    4036:	1f 83       	dec	r15		
    4038:	cf 43 02 11 	mov.b	#0,	4354(r15);r3 As==00, 0x1102(r15)
    403c:	f9 23       	jnz	$-12     	;abs 0x4030

0000403e <main>:
    403e:	21 83       	decd	r1		
    4040:	b0 12 6c 44 	call	#0x446c	
    4044:	47 4f       	mov.b	r15,	r7	
    4046:	f2 43 04 11 	mov.b	#-1,	&0x1104	;r3 As==11
    404a:	f2 43 05 11 	mov.b	#-1,	&0x1105	;r3 As==11
    404e:	f2 43 2c 11 	mov.b	#-1,	&0x112c	;r3 As==11
    4052:	f2 43 2d 11 	mov.b	#-1,	&0x112d	;r3 As==11
    4056:	b2 40 80 5a 20 01 	mov	#23168,	&0x0120	;#0x5a80
    405c:	a2 42 60 01 	mov	#4,	&0x0160	;r2 As==10
    4060:	82 43 2e 01 	mov	#0,	&0x012e	;r3 As==00
    4064:	a2 42 80 01 	mov	#4,	&0x0180	;r2 As==10
    4068:	82 43 1e 01 	mov	#0,	&0x011e	;r3 As==00
    406c:	b2 40 20 02 60 01 	mov	#544,	&0x0160	;#0x0220
    4072:	b2 40 20 01 80 01 	mov	#288,	&0x0180	;#0x0120
    4078:	f2 40 84 ff 57 00 	mov.b	#-124,	&0x0057	;#0xff84
    407e:	c2 43 58 00 	mov.b	#0,	&0x0058	;r3 As==00
    4082:	b2 40 00 40 82 01 	mov	#16384,	&0x0182	;#0x4000
    4088:	3b 40 0c 00 	mov	#12,	r11	;#0x000c
    408c:	3d 40 00 08 	mov	#2048,	r13	;#0x0800
    4090:	0e 43       	clr	r14		
    4092:	0c 4d       	mov	r13,	r12	
    4094:	0c de       	bis	r14,	r12	
    4096:	59 42 57 00 	mov.b	&0x0057,r9	
    409a:	0a 4c       	mov	r12,	r10	
    409c:	8a 10       	swpb	r10		
    409e:	7a f0 07 00 	and.b	#7,	r10	;#0x0007
    40a2:	79 f0 f8 ff 	and.b	#-8,	r9	;#0xfff8
    40a6:	4a d9       	bis.b	r9,	r10	
    40a8:	c2 4a 57 00 	mov.b	r10,	&0x0057	
    40ac:	c2 4c 56 00 	mov.b	r12,	&0x0056	
    40b0:	79 40 03 00 	mov.b	#3,	r9	;#0x0003
    40b4:	0a 43       	clr	r10		
    40b6:	08 43       	clr	r8		
    40b8:	0f 3c       	jmp	$+32     	;abs 0x40d8
    40ba:	18 42 90 01 	mov	&0x0190,r8	
    40be:	38 52       	add	#8,	r8	;r2 As==11
    40c0:	82 48 92 01 	mov	r8,	&0x0192	
    40c4:	b2 f0 fe ff 82 01 	and	#-2,	&0x0182	;#0xfffe
    40ca:	92 b3 82 01 	bit	#1,	&0x0182	;r3 As==01
    40ce:	fd 27       	jz	$-4      	;abs 0x40ca
    40d0:	1f 42 70 01 	mov	&0x0170,r15	
    40d4:	08 4a       	mov	r10,	r8	
    40d6:	0a 4f       	mov	r15,	r10	
    40d8:	79 53       	add.b	#-1,	r9	;r3 As==11
    40da:	ef 23       	jnz	$-32     	;abs 0x40ba
    40dc:	0a 88       	sub	r8,	r10	
    40de:	3a 90 01 04 	cmp	#1025,	r10	;#0x0401
    40e2:	01 2c       	jc	$+4      	;abs 0x40e6
    40e4:	0e 4c       	mov	r12,	r14	
    40e6:	0d 11       	rra	r13		
    40e8:	3b 53       	add	#-1,	r11	;r3 As==11
    40ea:	d3 23       	jnz	$-88     	;abs 0x4092
    40ec:	0f 4e       	mov	r14,	r15	
    40ee:	3f f0 e0 00 	and	#224,	r15	;#0x00e0
    40f2:	3f 90 e0 00 	cmp	#224,	r15	;#0x00e0
    40f6:	02 20       	jnz	$+6      	;abs 0x40fc
    40f8:	3e f0 e0 ff 	and	#-32,	r14	;#0xffe0
    40fc:	5c 42 57 00 	mov.b	&0x0057,r12	
    4100:	0d 4e       	mov	r14,	r13	
    4102:	8d 10       	swpb	r13		
    4104:	7d f0 07 00 	and.b	#7,	r13	;#0x0007
    4108:	7c f0 f8 ff 	and.b	#-8,	r12	;#0xfff8
    410c:	4d dc       	bis.b	r12,	r13	
    410e:	c2 4d 57 00 	mov.b	r13,	&0x0057	
    4112:	c2 4e 56 00 	mov.b	r14,	&0x0056	
    4116:	5e 42 57 00 	mov.b	&0x0057,r14	
    411a:	7e f0 07 00 	and.b	#7,	r14	;#0x0007
    411e:	7e d0 80 ff 	bis.b	#-128,	r14	;#0xff80
    4122:	c2 4e 57 00 	mov.b	r14,	&0x0057	
    4126:	e2 42 58 00 	mov.b	#4,	&0x0058	;r2 As==10
    412a:	f2 f0 fd ff 00 00 	and.b	#-3,	&0x0000	;#0xfffd
    4130:	82 43 70 01 	mov	#0,	&0x0170	;r3 As==00
    4134:	b2 40 02 02 60 01 	mov	#514,	&0x0160	;#0x0202
    413a:	82 43 90 01 	mov	#0,	&0x0190	;r3 As==00
    413e:	b2 40 02 01 80 01 	mov	#258,	&0x0180	;#0x0102
    4144:	1e 42 60 01 	mov	&0x0160,r14	
    4148:	3e f0 cf ff 	and	#-49,	r14	;#0xffcf
    414c:	3e d0 20 00 	bis	#32,	r14	;#0x0020
    4150:	82 4e 60 01 	mov	r14,	&0x0160	
    4154:	1e 42 80 01 	mov	&0x0180,r14	
    4158:	3e f0 cf ff 	and	#-49,	r14	;#0xffcf
    415c:	3e d0 20 00 	bis	#32,	r14	;#0x0020
    4160:	82 4e 80 01 	mov	r14,	&0x0180	
    4164:	c2 43 26 00 	mov.b	#0,	&0x0026	;r3 As==00
    4168:	c2 43 2e 00 	mov.b	#0,	&0x002e	;r3 As==00
    416c:	c2 43 1b 00 	mov.b	#0,	&0x001b	;r3 As==00
    4170:	c2 43 1f 00 	mov.b	#0,	&0x001f	;r3 As==00
    4174:	c2 43 33 00 	mov.b	#0,	&0x0033	;r3 As==00
    4178:	c2 43 37 00 	mov.b	#0,	&0x0037	;r3 As==00
    417c:	c2 43 21 00 	mov.b	#0,	&0x0021	;r3 As==00
    4180:	f2 40 e0 ff 22 00 	mov.b	#-32,	&0x0022	;#0xffe0
    4186:	f2 40 30 00 29 00 	mov.b	#48,	&0x0029	;#0x0030
    418c:	f2 40 7b 00 2a 00 	mov.b	#123,	&0x002a	;#0x007b
    4192:	c2 43 19 00 	mov.b	#0,	&0x0019	;r3 As==00
    4196:	f2 40 f1 ff 1a 00 	mov.b	#-15,	&0x001a	;#0xfff1
    419c:	f2 40 dd ff 1d 00 	mov.b	#-35,	&0x001d	;#0xffdd
    41a2:	f2 40 fd ff 1e 00 	mov.b	#-3,	&0x001e	;#0xfffd
    41a8:	f2 43 31 00 	mov.b	#-1,	&0x0031	;r3 As==11
    41ac:	f2 43 32 00 	mov.b	#-1,	&0x0032	;r3 As==11
    41b0:	c2 43 35 00 	mov.b	#0,	&0x0035	;r3 As==00
    41b4:	f2 43 36 00 	mov.b	#-1,	&0x0036	;r3 As==11
    41b8:	c2 43 25 00 	mov.b	#0,	&0x0025	;r3 As==00
    41bc:	c2 43 2d 00 	mov.b	#0,	&0x002d	;r3 As==00
    41c0:	1f 42 70 01 	mov	&0x0170,r15	
    41c4:	1e 42 70 01 	mov	&0x0170,r14	
    41c8:	0e 8f       	sub	r15,	r14	
    41ca:	3e 90 01 28 	cmp	#10241,	r14	;#0x2801
    41ce:	fa 2b       	jnc	$-10     	;abs 0x41c4
    41d0:	e2 d3 1a 00 	bis.b	#2,	&0x001a	;r3 As==10
    41d4:	f2 d2 1a 00 	bis.b	#8,	&0x001a	;r2 As==11
    41d8:	f2 d0 80 ff 1e 00 	bis.b	#-128,	&0x001e	;#0xff80
    41de:	f2 d0 10 00 1e 00 	bis.b	#16,	&0x001e	;#0x0010
    41e4:	f2 d0 80 ff 1d 00 	bis.b	#-128,	&0x001d	;#0xff80
    41ea:	f2 d0 10 00 1d 00 	bis.b	#16,	&0x001d	;#0x0010
    41f0:	03 43       	nop			
    41f2:	03 43       	nop			
    41f4:	f2 f0 ef ff 1d 00 	and.b	#-17,	&0x001d	;#0xffef
    41fa:	f2 f0 f7 ff 19 00 	and.b	#-9,	&0x0019	;#0xfff7
    4200:	5f 43       	mov.b	#1,	r15	;r3 As==01
    4202:	b0 12 ee 43 	call	#0x43ee	
    4206:	4f 43       	clr.b	r15		
    4208:	b0 12 ee 43 	call	#0x43ee	
    420c:	5f 43       	mov.b	#1,	r15	;r3 As==01
    420e:	b0 12 ee 43 	call	#0x43ee	
    4212:	5f 43       	mov.b	#1,	r15	;r3 As==01
    4214:	b0 12 ee 43 	call	#0x43ee	
    4218:	5f 43       	mov.b	#1,	r15	;r3 As==01
    421a:	b0 12 ee 43 	call	#0x43ee	
    421e:	4f 43       	clr.b	r15		
    4220:	b0 12 ee 43 	call	#0x43ee	
    4224:	4f 43       	clr.b	r15		
    4226:	b0 12 ee 43 	call	#0x43ee	
    422a:	5f 43       	mov.b	#1,	r15	;r3 As==01
    422c:	b0 12 ee 43 	call	#0x43ee	
    4230:	f2 d0 10 00 1d 00 	bis.b	#16,	&0x001d	;#0x0010
    4236:	f2 d2 19 00 	bis.b	#8,	&0x0019	;r2 As==11
    423a:	e2 d3 19 00 	bis.b	#2,	&0x0019	;r3 As==10
    423e:	f2 d0 10 00 32 00 	bis.b	#16,	&0x0032	;#0x0010
    4244:	f2 d0 20 00 32 00 	bis.b	#32,	&0x0032	;#0x0020
    424a:	f2 d0 40 00 32 00 	bis.b	#64,	&0x0032	;#0x0040
    4250:	b0 12 86 44 	call	#0x4486	
    4254:	f2 d0 20 00 31 00 	bis.b	#32,	&0x0031	;#0x0020
    425a:	f2 d0 40 00 31 00 	bis.b	#64,	&0x0031	;#0x0040
    4260:	b0 12 aa 49 	call	#0x49aa	
    4264:	4f 93       	tst.b	r15		
    4266:	fc 23       	jnz	$-6      	;abs 0x4260
    4268:	b2 f0 ef ff 82 01 	and	#-17,	&0x0182	;#0xffef
    426e:	b2 40 00 40 82 01 	mov	#16384,	&0x0182	;#0x4000
    4274:	b0 12 aa 49 	call	#0x49aa	
    4278:	4f 93       	tst.b	r15		
    427a:	fc 23       	jnz	$-6      	;abs 0x4274
    427c:	4f 47       	mov.b	r7,	r15	
    427e:	b0 12 7e 44 	call	#0x447e	
    4282:	32 d2       	eint			
    4284:	b0 12 96 44 	call	#0x4496	
    4288:	82 4e 1e 11 	mov	r14,	&0x111e	
    428c:	82 4f 20 11 	mov	r15,	&0x1120	
    4290:	b2 40 e8 03 22 11 	mov	#1000,	&0x1122	;#0x03e8
    4296:	82 43 24 11 	mov	#0,	&0x1124	;r3 As==00
    429a:	5f 42 26 11 	mov.b	&0x1126,r15	
    429e:	7f f0 fe ff 	and.b	#-2,	r15	;#0xfffe
    42a2:	6f d3       	bis.b	#2,	r15	;r3 As==10
    42a4:	c2 4f 26 11 	mov.b	r15,	&0x1126	
    42a8:	5f 43       	mov.b	#1,	r15	;r3 As==01
    42aa:	b0 12 34 46 	call	#0x4634	
    42ae:	b0 12 58 47 	call	#0x4758	
    42b2:	b0 12 6c 44 	call	#0x446c	
    42b6:	4a 4f       	mov.b	r15,	r10	
    42b8:	86 3c       	jmp	$+270    	;abs 0x43c6
    42ba:	c2 93 00 11 	tst.b	&0x1100	
    42be:	77 24       	jz	$+240    	;abs 0x43ae
    42c0:	b2 b0 10 00 62 01 	bit	#16,	&0x0162	;#0x0010
    42c6:	08 20       	jnz	$+18     	;abs 0x42d8
    42c8:	b2 b0 10 00 64 01 	bit	#16,	&0x0164	;#0x0010
    42ce:	04 20       	jnz	$+10     	;abs 0x42d8
    42d0:	b2 b0 10 00 66 01 	bit	#16,	&0x0166	;#0x0010
    42d6:	07 24       	jz	$+16     	;abs 0x42e6
    42d8:	1e 42 60 01 	mov	&0x0160,r14	
    42dc:	3e f0 00 03 	and	#768,	r14	;#0x0300
    42e0:	3e 90 00 02 	cmp	#512,	r14	;#0x0200
    42e4:	2e 24       	jz	$+94     	;abs 0x4342
    42e6:	5f 42 04 00 	mov.b	&0x0004,r15	
    42ea:	3f b0 c0 00 	bit	#192,	r15	;#0x00c0
    42ee:	05 24       	jz	$+12     	;abs 0x42fa
    42f0:	5f 42 71 00 	mov.b	&0x0071,r15	
    42f4:	3f f0 20 00 	and	#32,	r15	;#0x0020
    42f8:	26 20       	jnz	$+78     	;abs 0x4346
    42fa:	5f 42 05 00 	mov.b	&0x0005,r15	
    42fe:	3f b0 30 00 	bit	#48,	r15	;#0x0030
    4302:	05 24       	jz	$+12     	;abs 0x430e
    4304:	5f 42 79 00 	mov.b	&0x0079,r15	
    4308:	3f f0 20 00 	and	#32,	r15	;#0x0020
    430c:	1e 20       	jnz	$+62     	;abs 0x434a
    430e:	5f 42 70 00 	mov.b	&0x0070,r15	
    4312:	1f f3       	and	#1,	r15	;r3 As==01
    4314:	1c 24       	jz	$+58     	;abs 0x434e
    4316:	5f 42 71 00 	mov.b	&0x0071,r15	
    431a:	3f f0 20 00 	and	#32,	r15	;#0x0020
    431e:	1a 24       	jz	$+54     	;abs 0x4354
    4320:	5f 42 72 00 	mov.b	&0x0072,r15	
    4324:	3f f0 20 00 	and	#32,	r15	;#0x0020
    4328:	18 24       	jz	$+50     	;abs 0x435a
    432a:	5f 42 70 00 	mov.b	&0x0070,r15	
    432e:	2f f2       	and	#4,	r15	;r2 As==10
    4330:	17 24       	jz	$+48     	;abs 0x4360
    4332:	5f 42 70 00 	mov.b	&0x0070,r15	
    4336:	3f f0 20 00 	and	#32,	r15	;#0x0020
    433a:	15 20       	jnz	$+44     	;abs 0x4366
    433c:	7e 40 05 00 	mov.b	#5,	r14	;#0x0005
    4340:	13 3c       	jmp	$+40     	;abs 0x4368
    4342:	6e 43       	mov.b	#2,	r14	;r3 As==10
    4344:	11 3c       	jmp	$+36     	;abs 0x4368
    4346:	6e 43       	mov.b	#2,	r14	;r3 As==10
    4348:	0f 3c       	jmp	$+32     	;abs 0x4368
    434a:	6e 43       	mov.b	#2,	r14	;r3 As==10
    434c:	0d 3c       	jmp	$+28     	;abs 0x4368
    434e:	7e 40 05 00 	mov.b	#5,	r14	;#0x0005
    4352:	0a 3c       	jmp	$+22     	;abs 0x4368
    4354:	7e 40 05 00 	mov.b	#5,	r14	;#0x0005
    4358:	07 3c       	jmp	$+16     	;abs 0x4368
    435a:	7e 40 05 00 	mov.b	#5,	r14	;#0x0005
    435e:	04 3c       	jmp	$+10     	;abs 0x4368
    4360:	7e 40 05 00 	mov.b	#5,	r14	;#0x0005
    4364:	01 3c       	jmp	$+4      	;abs 0x4368
    4366:	6e 43       	mov.b	#2,	r14	;r3 As==10
    4368:	b2 b0 10 00 a0 01 	bit	#16,	&0x01a0	;#0x0010
    436e:	19 24       	jz	$+52     	;abs 0x43a2
    4370:	b2 b0 10 00 a2 01 	bit	#16,	&0x01a2	;#0x0010
    4376:	05 24       	jz	$+12     	;abs 0x4382
    4378:	b2 b2 a2 01 	bit	#8,	&0x01a2	;r2 As==11
    437c:	0f 24       	jz	$+32     	;abs 0x439c
    437e:	6e 43       	mov.b	#2,	r14	;r3 As==10
    4380:	10 3c       	jmp	$+34     	;abs 0x43a2
    4382:	1f 42 a2 01 	mov	&0x01a2,r15	
    4386:	3f b0 00 04 	bit	#1024,	r15	;#0x0400
    438a:	0b 24       	jz	$+24     	;abs 0x43a2
    438c:	1d 42 60 01 	mov	&0x0160,r13	
    4390:	3d f0 00 03 	and	#768,	r13	;#0x0300
    4394:	3d 90 00 02 	cmp	#512,	r13	;#0x0200
    4398:	04 20       	jnz	$+10     	;abs 0x43a2
    439a:	02 3c       	jmp	$+6      	;abs 0x43a0
    439c:	4e 43       	clr.b	r14		
    439e:	01 3c       	jmp	$+4      	;abs 0x43a2
    43a0:	6e 43       	mov.b	#2,	r14	;r3 As==10
    43a2:	7e 90 05 00 	cmp.b	#5,	r14	;#0x0005
    43a6:	01 28       	jnc	$+4      	;abs 0x43aa
    43a8:	6e 42       	mov.b	#4,	r14	;r2 As==10
    43aa:	c2 4e 02 11 	mov.b	r14,	&0x1102	
    43ae:	5e 42 02 11 	mov.b	&0x1102,r14	
    43b2:	0e 5e       	rla	r14		
    43b4:	1e 4e 62 4a 	mov	19042(r14),r14	;0x4a62(r14)
    43b8:	3e d2       	bis	#8,	r14	;r2 As==11
    43ba:	81 4e 00 00 	mov	r14,	0(r1)	;0x0000(r1)
    43be:	22 d1       	bis	@r1,	r2	
    43c0:	32 c2       	dint			
    43c2:	03 43       	nop			
    43c4:	03 43       	nop			
    43c6:	f2 93 2c 11 	cmp.b	#-1,	&0x112c	;r3 As==11
    43ca:	77 27       	jz	$-272    	;abs 0x42ba
    43cc:	b0 12 12 44 	call	#0x4412	
    43d0:	4b 4f       	mov.b	r15,	r11	
    43d2:	7f 93       	cmp.b	#-1,	r15	;r3 As==11
    43d4:	72 27       	jz	$-282    	;abs 0x42ba
    43d6:	4f 4a       	mov.b	r10,	r15	
    43d8:	b0 12 7e 44 	call	#0x447e	
    43dc:	4f 4b       	mov.b	r11,	r15	
    43de:	b0 12 64 48 	call	#0x4864	
    43e2:	67 3f       	jmp	$-304    	;abs 0x42b2

000043e4 <__stop_progExec__>:
    43e4:	32 d0 f0 00 	bis	#240,	r2	;#0x00f0
    43e8:	fd 3f       	jmp	$-4      	;abs 0x43e4

000043ea <__ctors_end>:
    43ea:	30 40 50 4a 	br	#0x4a50	

000043ee <MotePlatformC__TOSH_FLASH_M25P_DP_bit>:
    43ee:	4f 93       	tst.b	r15		
    43f0:	04 24       	jz	$+10     	;abs 0x43fa
    43f2:	5f 42 19 00 	mov.b	&0x0019,r15	
    43f6:	6f d3       	bis.b	#2,	r15	;r3 As==10
    43f8:	04 3c       	jmp	$+10     	;abs 0x4402
    43fa:	5f 42 19 00 	mov.b	&0x0019,r15	
    43fe:	7f f0 fd ff 	and.b	#-3,	r15	;#0xfffd
    4402:	c2 4f 19 00 	mov.b	r15,	&0x0019	
    4406:	f2 d2 19 00 	bis.b	#8,	&0x0019	;r2 As==11
    440a:	f2 f0 f7 ff 19 00 	and.b	#-9,	&0x0019	;#0xfff7
    4410:	30 41       	ret			

00004412 <SchedulerBasicP__popTask.part.23>:
    4412:	5f 42 2c 11 	mov.b	&0x112c,r15	
    4416:	4e 4f       	mov.b	r15,	r14	
    4418:	3e 50 04 11 	add	#4356,	r14	;#0x1104
    441c:	6d 4e       	mov.b	@r14,	r13	
    441e:	c2 4d 2c 11 	mov.b	r13,	&0x112c	
    4422:	7d 93       	cmp.b	#-1,	r13	;r3 As==11
    4424:	02 20       	jnz	$+6      	;abs 0x442a
    4426:	f2 43 2d 11 	mov.b	#-1,	&0x112d	;r3 As==11
    442a:	fe 43 00 00 	mov.b	#-1,	0(r14)	;r3 As==11, 0x0000(r14)
    442e:	30 41       	ret			

00004430 <Msp430TimerP__0__Event__fired>:
    4430:	5f 93       	cmp.b	#1,	r15	;r3 As==01
    4432:	0c 24       	jz	$+26     	;abs 0x444c
    4434:	03 28       	jnc	$+8      	;abs 0x443c
    4436:	6f 93       	cmp.b	#2,	r15	;r3 As==10
    4438:	18 20       	jnz	$+50     	;abs 0x446a
    443a:	10 3c       	jmp	$+34     	;abs 0x445c
    443c:	1f 42 62 01 	mov	&0x0162,r15	
    4440:	8f 10       	swpb	r15		
    4442:	5f f3       	and.b	#1,	r15	;r3 As==01
    4444:	12 24       	jz	$+38     	;abs 0x446a
    4446:	1f 42 72 01 	mov	&0x0172,r15	
    444a:	30 41       	ret			
    444c:	1f 42 64 01 	mov	&0x0164,r15	
    4450:	8f 10       	swpb	r15		
    4452:	5f f3       	and.b	#1,	r15	;r3 As==01
    4454:	0a 24       	jz	$+22     	;abs 0x446a
    4456:	1f 42 74 01 	mov	&0x0174,r15	
    445a:	30 41       	ret			
    445c:	1f 42 66 01 	mov	&0x0166,r15	
    4460:	8f 10       	swpb	r15		
    4462:	5f f3       	and.b	#1,	r15	;r3 As==01
    4464:	02 24       	jz	$+6      	;abs 0x446a
    4466:	1f 42 76 01 	mov	&0x0176,r15	
    446a:	30 41       	ret			

0000446c <__nesc_atomic_start>:
    446c:	0e 42       	mov	r2,	r14	
    446e:	32 c2       	dint			
    4470:	03 43       	nop			
    4472:	03 43       	nop			
    4474:	3e f2       	and	#8,	r14	;r2 As==11
    4476:	5f 43       	mov.b	#1,	r15	;r3 As==01
    4478:	01 20       	jnz	$+4      	;abs 0x447c
    447a:	4f 43       	clr.b	r15		
    447c:	30 41       	ret			

0000447e <__nesc_atomic_end>:
    447e:	4f 93       	tst.b	r15		
    4480:	01 24       	jz	$+4      	;abs 0x4484
    4482:	32 d2       	eint			
    4484:	30 41       	ret			

00004486 <LedsP__Led0__set>:
    4486:	b0 12 6c 44 	call	#0x446c	
    448a:	f2 d0 10 00 31 00 	bis.b	#16,	&0x0031	;#0x0010
    4490:	b0 12 7e 44 	call	#0x447e	
    4494:	30 41       	ret			

00004496 <TransformAlarmC__0__Counter__get>:
    4496:	0b 12       	push	r11		
    4498:	0a 12       	push	r10		
    449a:	09 12       	push	r9		
    449c:	08 12       	push	r8		
    449e:	b0 12 6c 44 	call	#0x446c	
    44a2:	4c 4f       	mov.b	r15,	r12	
    44a4:	1a 42 10 11 	mov	&0x1110,r10	
    44a8:	1b 42 12 11 	mov	&0x1112,r11	
    44ac:	1d 42 90 01 	mov	&0x0190,r13	
    44b0:	01 3c       	jmp	$+4      	;abs 0x44b4
    44b2:	0d 4f       	mov	r15,	r13	
    44b4:	1f 42 90 01 	mov	&0x0190,r15	
    44b8:	0d 9f       	cmp	r15,	r13	
    44ba:	fb 23       	jnz	$-8      	;abs 0x44b2
    44bc:	1f 42 80 01 	mov	&0x0180,r15	
    44c0:	5f f3       	and.b	#1,	r15	;r3 As==01
    44c2:	0a 24       	jz	$+22     	;abs 0x44d8
    44c4:	1a 53       	inc	r10		
    44c6:	0b 63       	adc	r11		
    44c8:	1d 42 90 01 	mov	&0x0190,r13	
    44cc:	01 3c       	jmp	$+4      	;abs 0x44d0
    44ce:	0d 4f       	mov	r15,	r13	
    44d0:	1f 42 90 01 	mov	&0x0190,r15	
    44d4:	0d 9f       	cmp	r15,	r13	
    44d6:	fb 23       	jnz	$-8      	;abs 0x44ce
    44d8:	12 c3       	clrc			
    44da:	0d 10       	rrc	r13		
    44dc:	12 c3       	clrc			
    44de:	0d 10       	rrc	r13		
    44e0:	12 c3       	clrc			
    44e2:	0d 10       	rrc	r13		
    44e4:	12 c3       	clrc			
    44e6:	0d 10       	rrc	r13		
    44e8:	12 c3       	clrc			
    44ea:	0d 10       	rrc	r13		
    44ec:	08 4d       	mov	r13,	r8	
    44ee:	09 43       	clr	r9		
    44f0:	0e 4a       	mov	r10,	r14	
    44f2:	0f 4b       	mov	r11,	r15	
    44f4:	4f ea       	xor.b	r10,	r15	
    44f6:	0f ea       	xor	r10,	r15	
    44f8:	8f 10       	swpb	r15		
    44fa:	4e 4e       	mov.b	r14,	r14	
    44fc:	8e 10       	swpb	r14		
    44fe:	0e 5e       	rla	r14		
    4500:	0f 6f       	rlc	r15		
    4502:	0e 5e       	rla	r14		
    4504:	0f 6f       	rlc	r15		
    4506:	0e 5e       	rla	r14		
    4508:	0f 6f       	rlc	r15		
    450a:	08 de       	bis	r14,	r8	
    450c:	09 df       	bis	r15,	r9	
    450e:	4f 4c       	mov.b	r12,	r15	
    4510:	b0 12 7e 44 	call	#0x447e	
    4514:	0e 48       	mov	r8,	r14	
    4516:	0f 49       	mov	r9,	r15	
    4518:	38 41       	pop	r8		
    451a:	39 41       	pop	r9		
    451c:	3a 41       	pop	r10		
    451e:	3b 41       	pop	r11		
    4520:	30 41       	ret			

00004522 <TransformAlarmC__0__set_alarm>:
    4522:	0b 12       	push	r11		
    4524:	0a 12       	push	r10		
    4526:	b0 12 96 44 	call	#0x4496	
    452a:	1c 42 0c 11 	mov	&0x110c,r12	
    452e:	1d 42 0e 11 	mov	&0x110e,r13	
    4532:	0a 4c       	mov	r12,	r10	
    4534:	0b 4d       	mov	r13,	r11	
    4536:	1a 52 08 11 	add	&0x1108,r10	
    453a:	1b 62 0a 11 	addc	&0x110a,r11	
    453e:	0f 9d       	cmp	r13,	r15	
    4540:	09 28       	jnc	$+20     	;abs 0x4554
    4542:	02 20       	jnz	$+6      	;abs 0x4548
    4544:	0e 9c       	cmp	r12,	r14	
    4546:	06 28       	jnc	$+14     	;abs 0x4554
    4548:	0b 9d       	cmp	r13,	r11	
    454a:	10 28       	jnc	$+34     	;abs 0x456c
    454c:	09 20       	jnz	$+20     	;abs 0x4560
    454e:	0a 9c       	cmp	r12,	r10	
    4550:	0d 28       	jnc	$+28     	;abs 0x456c
    4552:	06 3c       	jmp	$+14     	;abs 0x4560
    4554:	0b 9d       	cmp	r13,	r11	
    4556:	04 28       	jnc	$+10     	;abs 0x4560
    4558:	0d 9b       	cmp	r11,	r13	
    455a:	27 28       	jnc	$+80     	;abs 0x45aa
    455c:	0a 9c       	cmp	r12,	r10	
    455e:	25 2c       	jc	$+76     	;abs 0x45aa
    4560:	0f 9b       	cmp	r11,	r15	
    4562:	04 28       	jnc	$+10     	;abs 0x456c
    4564:	0b 9f       	cmp	r15,	r11	
    4566:	21 28       	jnc	$+68     	;abs 0x45aa
    4568:	0e 9a       	cmp	r10,	r14	
    456a:	1f 2c       	jc	$+64     	;abs 0x45aa
    456c:	0c 4a       	mov	r10,	r12	
    456e:	0d 4b       	mov	r11,	r13	
    4570:	0c 8e       	sub	r14,	r12	
    4572:	0d 7f       	subc	r15,	r13	
    4574:	0d 93       	tst	r13		
    4576:	03 20       	jnz	$+8      	;abs 0x457e
    4578:	3c 90 01 04 	cmp	#1025,	r12	;#0x0401
    457c:	18 28       	jnc	$+50     	;abs 0x45ae
    457e:	0a 4e       	mov	r14,	r10	
    4580:	0b 4f       	mov	r15,	r11	
    4582:	3a 50 00 04 	add	#1024,	r10	;#0x0400
    4586:	0b 63       	adc	r11		
    4588:	82 4a 0c 11 	mov	r10,	&0x110c	
    458c:	82 4b 0e 11 	mov	r11,	&0x110e	
    4590:	0a 4c       	mov	r12,	r10	
    4592:	0b 4d       	mov	r13,	r11	
    4594:	3a 50 00 fc 	add	#-1024,	r10	;#0xfc00
    4598:	3b 63       	addc	#-1,	r11	;r3 As==11
    459a:	82 4a 08 11 	mov	r10,	&0x1108	
    459e:	82 4b 0a 11 	mov	r11,	&0x110a	
    45a2:	3c 40 00 04 	mov	#1024,	r12	;#0x0400
    45a6:	0d 43       	clr	r13		
    45a8:	0a 3c       	jmp	$+22     	;abs 0x45be
    45aa:	0c 43       	clr	r12		
    45ac:	0d 43       	clr	r13		
    45ae:	82 4a 0c 11 	mov	r10,	&0x110c	
    45b2:	82 4b 0e 11 	mov	r11,	&0x110e	
    45b6:	82 43 08 11 	mov	#0,	&0x1108	;r3 As==00
    45ba:	82 43 0a 11 	mov	#0,	&0x110a	;r3 As==00
    45be:	0c 5c       	rla	r12		
    45c0:	0c 5c       	rla	r12		
    45c2:	0c 5c       	rla	r12		
    45c4:	0c 5c       	rla	r12		
    45c6:	0c 5c       	rla	r12		
    45c8:	0e 5e       	rla	r14		
    45ca:	0e 5e       	rla	r14		
    45cc:	0e 5e       	rla	r14		
    45ce:	0e 5e       	rla	r14		
    45d0:	0e 5e       	rla	r14		
    45d2:	1f 42 90 01 	mov	&0x0190,r15	
    45d6:	01 3c       	jmp	$+4      	;abs 0x45da
    45d8:	0f 4d       	mov	r13,	r15	
    45da:	1d 42 90 01 	mov	&0x0190,r13	
    45de:	0f 9d       	cmp	r13,	r15	
    45e0:	fb 23       	jnz	$-8      	;abs 0x45d8
    45e2:	0b 4f       	mov	r15,	r11	
    45e4:	0b 8e       	sub	r14,	r11	
    45e6:	0b 9c       	cmp	r12,	r11	
    45e8:	09 28       	jnc	$+20     	;abs 0x45fc
    45ea:	1f 42 90 01 	mov	&0x0190,r15	
    45ee:	01 3c       	jmp	$+4      	;abs 0x45f2
    45f0:	0f 4e       	mov	r14,	r15	
    45f2:	1e 42 90 01 	mov	&0x0190,r14	
    45f6:	0f 9e       	cmp	r14,	r15	
    45f8:	fb 23       	jnz	$-8      	;abs 0x45f0
    45fa:	0c 3c       	jmp	$+26     	;abs 0x4614
    45fc:	0c 8b       	sub	r11,	r12	
    45fe:	3c 90 03 00 	cmp	#3,	r12	;#0x0003
    4602:	0c 2c       	jc	$+26     	;abs 0x461c
    4604:	1f 42 90 01 	mov	&0x0190,r15	
    4608:	01 3c       	jmp	$+4      	;abs 0x460c
    460a:	0f 4e       	mov	r14,	r15	
    460c:	1e 42 90 01 	mov	&0x0190,r14	
    4610:	0f 9e       	cmp	r14,	r15	
    4612:	fb 23       	jnz	$-8      	;abs 0x460a
    4614:	2f 53       	incd	r15		
    4616:	82 4f 92 01 	mov	r15,	&0x0192	
    461a:	03 3c       	jmp	$+8      	;abs 0x4622
    461c:	0c 5f       	add	r15,	r12	
    461e:	82 4c 92 01 	mov	r12,	&0x0192	
    4622:	b2 f0 fe ff 82 01 	and	#-2,	&0x0182	;#0xfffe
    4628:	b2 d0 10 00 82 01 	bis	#16,	&0x0182	;#0x0010
    462e:	3a 41       	pop	r10		
    4630:	3b 41       	pop	r11		
    4632:	30 41       	ret			

00004634 <SchedulerBasicP__TaskBasic__postTask>:
    4634:	0b 12       	push	r11		
    4636:	4b 4f       	mov.b	r15,	r11	
    4638:	b0 12 6c 44 	call	#0x446c	
    463c:	4e 4b       	mov.b	r11,	r14	
    463e:	fe 93 04 11 	cmp.b	#-1,	4356(r14);r3 As==11, 0x1104(r14)
    4642:	06 20       	jnz	$+14     	;abs 0x4650
    4644:	1e 43       	mov	#1,	r14	;r3 As==01
    4646:	c2 9b 2d 11 	cmp.b	r11,	&0x112d	
    464a:	03 24       	jz	$+8      	;abs 0x4652
    464c:	0e 43       	clr	r14		
    464e:	01 3c       	jmp	$+4      	;abs 0x4652
    4650:	1e 43       	mov	#1,	r14	;r3 As==01
    4652:	0e 93       	tst	r14		
    4654:	0e 20       	jnz	$+30     	;abs 0x4672
    4656:	f2 93 2c 11 	cmp.b	#-1,	&0x112c	;r3 As==11
    465a:	03 20       	jnz	$+8      	;abs 0x4662
    465c:	c2 4b 2c 11 	mov.b	r11,	&0x112c	
    4660:	04 3c       	jmp	$+10     	;abs 0x466a
    4662:	5e 42 2d 11 	mov.b	&0x112d,r14	
    4666:	ce 4b 04 11 	mov.b	r11,	4356(r14);0x1104(r14)
    466a:	c2 4b 2d 11 	mov.b	r11,	&0x112d	
    466e:	4b 43       	clr.b	r11		
    4670:	02 3c       	jmp	$+6      	;abs 0x4676
    4672:	7b 40 05 00 	mov.b	#5,	r11	;#0x0005
    4676:	b0 12 7e 44 	call	#0x447e	
    467a:	4f 4b       	mov.b	r11,	r15	
    467c:	3b 41       	pop	r11		
    467e:	30 41       	ret			

00004680 <BasicC__Timer0__startOneShot>:
    4680:	0b 12       	push	r11		
    4682:	0a 12       	push	r10		
    4684:	0a 4e       	mov	r14,	r10	
    4686:	0b 4f       	mov	r15,	r11	
    4688:	b0 12 96 44 	call	#0x4496	
    468c:	3d 40 14 11 	mov	#4372,	r13	;#0x1114
    4690:	8d 4e 00 00 	mov	r14,	0(r13)	;0x0000(r13)
    4694:	8d 4f 02 00 	mov	r15,	2(r13)	;0x0002(r13)
    4698:	8d 4a 04 00 	mov	r10,	4(r13)	;0x0004(r13)
    469c:	8d 4b 06 00 	mov	r11,	6(r13)	;0x0006(r13)
    46a0:	fd d0 03 00 08 00 	bis.b	#3,	8(r13)	;#0x0003, 0x0008(r13)
    46a6:	5f 43       	mov.b	#1,	r15	;r3 As==01
    46a8:	b0 12 34 46 	call	#0x4634	
    46ac:	3a 41       	pop	r10		
    46ae:	3b 41       	pop	r11		
    46b0:	30 41       	ret			

000046b2 <Msp430TimerP__1__Event__fired>:
    46b2:	7f 92       	cmp.b	#8,	r15	;r2 As==11
    46b4:	50 2c       	jc	$+162    	;abs 0x4756
    46b6:	4f 4f       	mov.b	r15,	r15	
    46b8:	0f 5f       	rla	r15		
    46ba:	10 4f 52 4a 	br	19026(r15)	;0x4a52(r15)
    46be:	1f 42 82 01 	mov	&0x0182,r15	
    46c2:	8f 10       	swpb	r15		
    46c4:	5f f3       	and.b	#1,	r15	;r3 As==01
    46c6:	03 24       	jz	$+8      	;abs 0x46ce
    46c8:	1f 42 92 01 	mov	&0x0192,r15	
    46cc:	30 41       	ret			
    46ce:	b2 f0 ef ff 82 01 	and	#-17,	&0x0182	;#0xffef
    46d4:	82 93 08 11 	tst	&0x1108	
    46d8:	07 20       	jnz	$+16     	;abs 0x46e8
    46da:	82 93 0a 11 	tst	&0x110a	
    46de:	04 20       	jnz	$+10     	;abs 0x46e8
    46e0:	4f 43       	clr.b	r15		
    46e2:	b0 12 34 46 	call	#0x4634	
    46e6:	30 41       	ret			
    46e8:	b0 12 22 45 	call	#0x4522	
    46ec:	30 41       	ret			
    46ee:	1f 42 84 01 	mov	&0x0184,r15	
    46f2:	8f 10       	swpb	r15		
    46f4:	5f f3       	and.b	#1,	r15	;r3 As==01
    46f6:	2f 24       	jz	$+96     	;abs 0x4756
    46f8:	1f 42 94 01 	mov	&0x0194,r15	
    46fc:	30 41       	ret			
    46fe:	1f 42 86 01 	mov	&0x0186,r15	
    4702:	8f 10       	swpb	r15		
    4704:	5f f3       	and.b	#1,	r15	;r3 As==01
    4706:	27 24       	jz	$+80     	;abs 0x4756
    4708:	1f 42 96 01 	mov	&0x0196,r15	
    470c:	30 41       	ret			
    470e:	1f 42 88 01 	mov	&0x0188,r15	
    4712:	8f 10       	swpb	r15		
    4714:	5f f3       	and.b	#1,	r15	;r3 As==01
    4716:	1f 24       	jz	$+64     	;abs 0x4756
    4718:	1f 42 98 01 	mov	&0x0198,r15	
    471c:	30 41       	ret			
    471e:	1f 42 8a 01 	mov	&0x018a,r15	
    4722:	8f 10       	swpb	r15		
    4724:	5f f3       	and.b	#1,	r15	;r3 As==01
    4726:	17 24       	jz	$+48     	;abs 0x4756
    4728:	1f 42 9a 01 	mov	&0x019a,r15	
    472c:	30 41       	ret			
    472e:	1f 42 8c 01 	mov	&0x018c,r15	
    4732:	8f 10       	swpb	r15		
    4734:	5f f3       	and.b	#1,	r15	;r3 As==01
    4736:	0f 24       	jz	$+32     	;abs 0x4756
    4738:	1f 42 9c 01 	mov	&0x019c,r15	
    473c:	30 41       	ret			
    473e:	1f 42 8e 01 	mov	&0x018e,r15	
    4742:	8f 10       	swpb	r15		
    4744:	5f f3       	and.b	#1,	r15	;r3 As==01
    4746:	07 24       	jz	$+16     	;abs 0x4756
    4748:	1f 42 9e 01 	mov	&0x019e,r15	
    474c:	30 41       	ret			
    474e:	92 53 10 11 	inc	&0x1110	
    4752:	82 63 12 11 	adc	&0x1112	
    4756:	30 41       	ret			

00004758 <BasicC__Timer0__fired>:
    4758:	0b 12       	push	r11		
    475a:	b0 12 6c 44 	call	#0x446c	
    475e:	5e 42 30 00 	mov.b	&0x0030,r14	
    4762:	7e f0 10 00 	and.b	#16,	r14	;#0x0010
    4766:	5b 43       	mov.b	#1,	r11	;r3 As==01
    4768:	01 24       	jz	$+4      	;abs 0x476c
    476a:	4b 43       	clr.b	r11		
    476c:	f2 b0 20 00 30 00 	bit.b	#32,	&0x0030	;#0x0020
    4772:	01 20       	jnz	$+4      	;abs 0x4776
    4774:	6b d3       	bis.b	#2,	r11	;r3 As==10
    4776:	f2 b0 40 00 30 00 	bit.b	#64,	&0x0030	;#0x0040
    477c:	01 20       	jnz	$+4      	;abs 0x4780
    477e:	6b d2       	bis.b	#4,	r11	;r2 As==10
    4780:	b0 12 7e 44 	call	#0x447e	
    4784:	1b f3       	and	#1,	r11	;r3 As==01
    4786:	06 24       	jz	$+14     	;abs 0x4794
    4788:	b0 12 86 44 	call	#0x4486	
    478c:	3e 40 c0 0f 	mov	#4032,	r14	;#0x0fc0
    4790:	0f 43       	clr	r15		
    4792:	0a 3c       	jmp	$+22     	;abs 0x47a8
    4794:	b0 12 6c 44 	call	#0x446c	
    4798:	f2 f0 ef ff 31 00 	and.b	#-17,	&0x0031	;#0xffef
    479e:	b0 12 7e 44 	call	#0x447e	
    47a2:	3e 40 40 00 	mov	#64,	r14	;#0x0040
    47a6:	0f 43       	clr	r15		
    47a8:	b0 12 80 46 	call	#0x4680	
    47ac:	3b 41       	pop	r11		
    47ae:	30 41       	ret			

000047b0 <VirtualizeTimerC__0__fireTimers>:
    47b0:	0b 12       	push	r11		
    47b2:	0a 12       	push	r10		
    47b4:	09 12       	push	r9		
    47b6:	08 12       	push	r8		
    47b8:	07 12       	push	r7		
    47ba:	06 12       	push	r6		
    47bc:	37 40 14 11 	mov	#4372,	r7	;#0x1114
    47c0:	56 42 1c 11 	mov.b	&0x111c,r6	
    47c4:	66 b3       	bit.b	#2,	r6	;r3 As==10
    47c6:	12 24       	jz	$+38     	;abs 0x47ec
    47c8:	1a 42 14 11 	mov	&0x1114,r10	
    47cc:	1b 42 16 11 	mov	&0x1116,r11	
    47d0:	1c 42 18 11 	mov	&0x1118,r12	
    47d4:	1d 42 1a 11 	mov	&0x111a,r13	
    47d8:	08 4e       	mov	r14,	r8	
    47da:	09 4f       	mov	r15,	r9	
    47dc:	08 8a       	sub	r10,	r8	
    47de:	09 7b       	subc	r11,	r9	
    47e0:	09 9d       	cmp	r13,	r9	
    47e2:	04 28       	jnc	$+10     	;abs 0x47ec
    47e4:	0d 99       	cmp	r9,	r13	
    47e6:	19 28       	jnc	$+52     	;abs 0x481a
    47e8:	08 9c       	cmp	r12,	r8	
    47ea:	17 2c       	jc	$+48     	;abs 0x481a
    47ec:	37 40 1e 11 	mov	#4382,	r7	;#0x111e
    47f0:	56 42 26 11 	mov.b	&0x1126,r6	
    47f4:	66 b3       	bit.b	#2,	r6	;r3 As==10
    47f6:	2c 24       	jz	$+90     	;abs 0x4850
    47f8:	1a 42 1e 11 	mov	&0x111e,r10	
    47fc:	1b 42 20 11 	mov	&0x1120,r11	
    4800:	1c 42 22 11 	mov	&0x1122,r12	
    4804:	1d 42 24 11 	mov	&0x1124,r13	
    4808:	0e 8a       	sub	r10,	r14	
    480a:	0f 7b       	subc	r11,	r15	
    480c:	0f 9d       	cmp	r13,	r15	
    480e:	20 28       	jnc	$+66     	;abs 0x4850
    4810:	02 20       	jnz	$+6      	;abs 0x4816
    4812:	0e 9c       	cmp	r12,	r14	
    4814:	1d 28       	jnc	$+60     	;abs 0x4850
    4816:	1f 43       	mov	#1,	r15	;r3 As==01
    4818:	01 3c       	jmp	$+4      	;abs 0x481c
    481a:	0f 43       	clr	r15		
    481c:	56 f3       	and.b	#1,	r6	;r3 As==01
    481e:	04 24       	jz	$+10     	;abs 0x4828
    4820:	f7 f0 fd ff 08 00 	and.b	#-3,	8(r7)	;#0xfffd, 0x0008(r7)
    4826:	08 3c       	jmp	$+18     	;abs 0x4838
    4828:	08 4a       	mov	r10,	r8	
    482a:	09 4b       	mov	r11,	r9	
    482c:	08 5c       	add	r12,	r8	
    482e:	09 6d       	addc	r13,	r9	
    4830:	87 48 00 00 	mov	r8,	0(r7)	;0x0000(r7)
    4834:	87 49 02 00 	mov	r9,	2(r7)	;0x0002(r7)
    4838:	5f 93       	cmp.b	#1,	r15	;r3 As==01
    483a:	03 24       	jz	$+8      	;abs 0x4842
    483c:	b0 12 58 47 	call	#0x4758	
    4840:	07 3c       	jmp	$+16     	;abs 0x4850
    4842:	b0 12 6c 44 	call	#0x446c	
    4846:	f2 e0 20 00 31 00 	xor.b	#32,	&0x0031	;#0x0020
    484c:	b0 12 7e 44 	call	#0x447e	
    4850:	5f 43       	mov.b	#1,	r15	;r3 As==01
    4852:	b0 12 34 46 	call	#0x4634	
    4856:	36 41       	pop	r6		
    4858:	37 41       	pop	r7		
    485a:	38 41       	pop	r8		
    485c:	39 41       	pop	r9		
    485e:	3a 41       	pop	r10		
    4860:	3b 41       	pop	r11		
    4862:	30 41       	ret			

00004864 <SchedulerBasicP__TaskBasic__runTask>:
    4864:	0b 12       	push	r11		
    4866:	0a 12       	push	r10		
    4868:	09 12       	push	r9		
    486a:	08 12       	push	r8		
    486c:	07 12       	push	r7		
    486e:	06 12       	push	r6		
    4870:	21 83       	decd	r1		
    4872:	4f 93       	tst.b	r15		
    4874:	03 24       	jz	$+8      	;abs 0x487c
    4876:	5f 93       	cmp.b	#1,	r15	;r3 As==01
    4878:	90 20       	jnz	$+290    	;abs 0x499a
    487a:	2d 3c       	jmp	$+92     	;abs 0x48d6
    487c:	c2 93 06 11 	tst.b	&0x1106	
    4880:	27 20       	jnz	$+80     	;abs 0x48d0
    4882:	1a 42 28 11 	mov	&0x1128,r10	
    4886:	1b 42 2a 11 	mov	&0x112a,r11	
    488a:	b0 12 6c 44 	call	#0x446c	
    488e:	18 42 08 11 	mov	&0x1108,r8	
    4892:	19 42 0a 11 	mov	&0x110a,r9	
    4896:	18 52 0c 11 	add	&0x110c,r8	
    489a:	19 62 0e 11 	addc	&0x110e,r9	
    489e:	b0 12 7e 44 	call	#0x447e	
    48a2:	82 4a 28 11 	mov	r10,	&0x1128	
    48a6:	82 4b 2a 11 	mov	r11,	&0x112a	
    48aa:	c2 43 06 11 	mov.b	#0,	&0x1106	;r3 As==00
    48ae:	b0 12 6c 44 	call	#0x446c	
    48b2:	82 48 0c 11 	mov	r8,	&0x110c	
    48b6:	82 49 0e 11 	mov	r9,	&0x110e	
    48ba:	82 4a 08 11 	mov	r10,	&0x1108	
    48be:	82 4b 0a 11 	mov	r11,	&0x110a	
    48c2:	81 4f 00 00 	mov	r15,	0(r1)	;0x0000(r1)
    48c6:	b0 12 22 45 	call	#0x4522	
    48ca:	2f 41       	mov	@r1,	r15	
    48cc:	b0 12 7e 44 	call	#0x447e	
    48d0:	b0 12 96 44 	call	#0x4496	
    48d4:	48 3c       	jmp	$+146    	;abs 0x4966
    48d6:	b0 12 96 44 	call	#0x4496	
    48da:	08 4e       	mov	r14,	r8	
    48dc:	09 4f       	mov	r15,	r9	
    48de:	b2 f0 ef ff 82 01 	and	#-17,	&0x0182	;#0xffef
    48e4:	e2 b3 1c 11 	bit.b	#2,	&0x111c	;r3 As==10
    48e8:	15 24       	jz	$+44     	;abs 0x4914
    48ea:	0a 4e       	mov	r14,	r10	
    48ec:	0b 4f       	mov	r15,	r11	
    48ee:	1a 82 14 11 	sub	&0x1114,r10	
    48f2:	1b 72 16 11 	subc	&0x1116,r11	
    48f6:	16 42 18 11 	mov	&0x1118,r6	
    48fa:	17 42 1a 11 	mov	&0x111a,r7	
    48fe:	06 8a       	sub	r10,	r6	
    4900:	07 7b       	subc	r11,	r7	
    4902:	0a 46       	mov	r6,	r10	
    4904:	0b 47       	mov	r7,	r11	
    4906:	36 93       	cmp	#-1,	r6	;r3 As==11
    4908:	0a 20       	jnz	$+22     	;abs 0x491e
    490a:	3b 90 ff 7f 	cmp	#32767,	r11	;#0x7fff
    490e:	07 20       	jnz	$+16     	;abs 0x491e
    4910:	4d 43       	clr.b	r13		
    4912:	06 3c       	jmp	$+14     	;abs 0x4920
    4914:	4d 43       	clr.b	r13		
    4916:	3a 43       	mov	#-1,	r10	;r3 As==11
    4918:	3b 40 ff 7f 	mov	#32767,	r11	;#0x7fff
    491c:	01 3c       	jmp	$+4      	;abs 0x4920
    491e:	5d 43       	mov.b	#1,	r13	;r3 As==01
    4920:	e2 b3 26 11 	bit.b	#2,	&0x1126	;r3 As==10
    4924:	16 24       	jz	$+46     	;abs 0x4952
    4926:	0e 48       	mov	r8,	r14	
    4928:	0f 49       	mov	r9,	r15	
    492a:	1e 82 1e 11 	sub	&0x111e,r14	
    492e:	1f 72 20 11 	subc	&0x1120,r15	
    4932:	16 42 22 11 	mov	&0x1122,r6	
    4936:	17 42 24 11 	mov	&0x1124,r7	
    493a:	06 8e       	sub	r14,	r6	
    493c:	07 7f       	subc	r15,	r7	
    493e:	0e 46       	mov	r6,	r14	
    4940:	0f 47       	mov	r7,	r15	
    4942:	0f 9b       	cmp	r11,	r15	
    4944:	03 38       	jl	$+8      	;abs 0x494c
    4946:	05 20       	jnz	$+12     	;abs 0x4952
    4948:	06 9a       	cmp	r10,	r6	
    494a:	03 2c       	jc	$+8      	;abs 0x4952
    494c:	0a 4e       	mov	r14,	r10	
    494e:	0b 4f       	mov	r15,	r11	
    4950:	02 3c       	jmp	$+6      	;abs 0x4956
    4952:	4d 93       	tst.b	r13		
    4954:	22 24       	jz	$+70     	;abs 0x499a
    4956:	0b 93       	tst	r11		
    4958:	04 38       	jl	$+10     	;abs 0x4962
    495a:	1b 93       	cmp	#1,	r11	;r3 As==01
    495c:	07 34       	jge	$+16     	;abs 0x496c
    495e:	1a 93       	cmp	#1,	r10	;r3 As==01
    4960:	05 2c       	jc	$+12     	;abs 0x496c
    4962:	0e 48       	mov	r8,	r14	
    4964:	0f 49       	mov	r9,	r15	
    4966:	b0 12 b0 47 	call	#0x47b0	
    496a:	17 3c       	jmp	$+48     	;abs 0x499a
    496c:	82 4a 28 11 	mov	r10,	&0x1128	
    4970:	82 4b 2a 11 	mov	r11,	&0x112a	
    4974:	d2 43 06 11 	mov.b	#1,	&0x1106	;r3 As==01
    4978:	b0 12 6c 44 	call	#0x446c	
    497c:	82 48 0c 11 	mov	r8,	&0x110c	
    4980:	82 49 0e 11 	mov	r9,	&0x110e	
    4984:	82 4a 08 11 	mov	r10,	&0x1108	
    4988:	82 4b 0a 11 	mov	r11,	&0x110a	
    498c:	81 4f 00 00 	mov	r15,	0(r1)	;0x0000(r1)
    4990:	b0 12 22 45 	call	#0x4522	
    4994:	2f 41       	mov	@r1,	r15	
    4996:	b0 12 7e 44 	call	#0x447e	
    499a:	21 53       	incd	r1		
    499c:	36 41       	pop	r6		
    499e:	37 41       	pop	r7		
    49a0:	38 41       	pop	r8		
    49a2:	39 41       	pop	r9		
    49a4:	3a 41       	pop	r10		
    49a6:	3b 41       	pop	r11		
    49a8:	30 41       	ret			

000049aa <RealMainP__Scheduler__runNextTask>:
    49aa:	f2 93 2c 11 	cmp.b	#-1,	&0x112c	;r3 As==11
    49ae:	08 24       	jz	$+18     	;abs 0x49c0
    49b0:	b0 12 12 44 	call	#0x4412	
    49b4:	7f 93       	cmp.b	#-1,	r15	;r3 As==11
    49b6:	06 24       	jz	$+14     	;abs 0x49c4
    49b8:	b0 12 64 48 	call	#0x4864	
    49bc:	5f 43       	mov.b	#1,	r15	;r3 As==01
    49be:	30 41       	ret			
    49c0:	4f 43       	clr.b	r15		
    49c2:	30 41       	ret			
    49c4:	4f 43       	clr.b	r15		
    49c6:	30 41       	ret			

000049c8 <sig_TIMERA0_VECTOR>:
    49c8:	0f 12       	push	r15		
    49ca:	0e 12       	push	r14		
    49cc:	0d 12       	push	r13		
    49ce:	0c 12       	push	r12		
    49d0:	4f 43       	clr.b	r15		
    49d2:	b0 12 30 44 	call	#0x4430	
    49d6:	3c 41       	pop	r12		
    49d8:	3d 41       	pop	r13		
    49da:	3e 41       	pop	r14		
    49dc:	3f 41       	pop	r15		
    49de:	b1 c0 f0 00 00 00 	bic	#240,	0(r1)	;#0x00f0, 0x0000(r1)
    49e4:	00 13       	reti			

000049e6 <sig_TIMERA1_VECTOR>:
    49e6:	0f 12       	push	r15		
    49e8:	0e 12       	push	r14		
    49ea:	0d 12       	push	r13		
    49ec:	0c 12       	push	r12		
    49ee:	1f 42 2e 01 	mov	&0x012e,r15	
    49f2:	4f 4f       	mov.b	r15,	r15	
    49f4:	12 c3       	clrc			
    49f6:	4f 10       	rrc.b	r15		
    49f8:	b0 12 30 44 	call	#0x4430	
    49fc:	3c 41       	pop	r12		
    49fe:	3d 41       	pop	r13		
    4a00:	3e 41       	pop	r14		
    4a02:	3f 41       	pop	r15		
    4a04:	b1 c0 f0 00 00 00 	bic	#240,	0(r1)	;#0x00f0, 0x0000(r1)
    4a0a:	00 13       	reti			

00004a0c <sig_TIMERB0_VECTOR>:
    4a0c:	0f 12       	push	r15		
    4a0e:	0e 12       	push	r14		
    4a10:	0d 12       	push	r13		
    4a12:	0c 12       	push	r12		
    4a14:	4f 43       	clr.b	r15		
    4a16:	b0 12 b2 46 	call	#0x46b2	
    4a1a:	3c 41       	pop	r12		
    4a1c:	3d 41       	pop	r13		
    4a1e:	3e 41       	pop	r14		
    4a20:	3f 41       	pop	r15		
    4a22:	b1 c0 f0 00 00 00 	bic	#240,	0(r1)	;#0x00f0, 0x0000(r1)
    4a28:	00 13       	reti			

00004a2a <sig_TIMERB1_VECTOR>:
    4a2a:	0f 12       	push	r15		
    4a2c:	0e 12       	push	r14		
    4a2e:	0d 12       	push	r13		
    4a30:	0c 12       	push	r12		
    4a32:	1f 42 1e 01 	mov	&0x011e,r15	
    4a36:	4f 4f       	mov.b	r15,	r15	
    4a38:	12 c3       	clrc			
    4a3a:	4f 10       	rrc.b	r15		
    4a3c:	b0 12 b2 46 	call	#0x46b2	
    4a40:	3c 41       	pop	r12		
    4a42:	3d 41       	pop	r13		
    4a44:	3e 41       	pop	r14		
    4a46:	3f 41       	pop	r15		
    4a48:	b1 c0 f0 00 00 00 	bic	#240,	0(r1)	;#0x00f0, 0x0000(r1)
    4a4e:	00 13       	reti			

00004a50 <_unexpected_>:
    4a50:	00 13       	reti			

Disassembly of section .vectors:

0000ffe0 <__ivtbl_16>:
    ffe0:	ea 43 ea 43 ea 43 ea 43 ea 43 e6 49 c8 49 ea 43     .C.C.C.C.C.I.I.C
    fff0:	ea 43 ea 43 ea 43 ea 43 2a 4a 0c 4a ea 43 00 40     .C.C.C.C*J.J.C.@
